1 pattern 'ACTAGG' matches 1
2 pattern 'ATGA' matches 2
3 pattern 'GCATCGGAC' matches 1
4 pattern 'CATCGGAC' matches 1
5 pattern 'TACGTCAT' matches 1
6 pattern 'GCTACG' matches 3
7 pattern 'GCATCGGA' matches 1
8 pattern 'AGTACTAG' matches 1
9 pattern 'GACTGCA' matches 2
10 pattern 'ATGCTAGCTG' matches 1
11 pattern 'GATCAGTCA' matches 1
12 pattern 'GACTAGCGT' matches 1
13 pattern 'CTA' matches 19
14 pattern 'GCATGC' matches 3
15 pattern 'TGACTAGCT' matches 2
16 pattern 'TACGTCACGA' matches 1
17 pattern 'TACAGTCATG' matches 1
18 pattern 'GAACGT' matches 1
19 pattern 'CGTAGC' matches 1
20 pattern 'CTAGCGTA' matches 1
21 pattern 'CGACTA' matches 1
22 pattern 'GTA' matches 13
23 pattern 'TGACTAG' matches 5
24 pattern 'ACTGATCGCA' matches 1
25 pattern 'ACGTAGCT' matches 1
26 pattern 'ACTGACTA' matches 2
27 pattern 'ATCGTACGTC' matches 2
28 pattern 'GAACGTAC' matches 1
29 pattern 'AGTCGAT' matches 1
30 pattern 'CAGTCATG' matches 4
31 pattern 'TCAGGC' matches 1
32 pattern 'GTCACGATC' matches 1
33 pattern 'TCGATACGTA' matches 1
34 pattern 'ATGTC' matches 1
35 pattern 'AGC' matches 11
36 pattern 'TAGCTACGT' matches 1
37 pattern 'GTCAGTACGA' matches 1
38 pattern 'CTGAGCTAGT' matches 4
39 pattern 'GACTAGA' matches 1
40 pattern 'CGTCAGTC' matches 1
41 pattern 'CTGACTAGCG' matches 1
42 pattern 'GACTAC' matches 1
43 pattern 'CTAGAC' matches 3
44 pattern 'TGAACGTAC' matches 1
45 pattern 'TCGATCAG' matches 3
46 pattern 'TCGTACAG' matches 1
47 pattern 'TCGCAGTC' matches 1
48 pattern 'GCAGTCATG' matches 2
49 pattern 'CAGTCA' matches 4
50 pattern 'GTACGTCAC' matches 1
51 pattern 'CTACGCTGA' matches 1
52 pattern 'TCGACTACGT' matches 1
53 pattern 'TACGTACTGA' matches 1
54 pattern 'TGACT' matches 7
55 pattern 'GTACA' matches 1
56 pattern 'TAGCTGA' matches 2
57 pattern 'TAGCTGAA' matches 1
58 pattern 'CGTAGCTGA' matches 1
59 pattern 'ATCAGTC' matches 1
60 pattern 'TCATGGCT' matches 1
61 pattern 'ATCAGGCAT' matches 1
62 pattern 'ATCGCA' matches 2
63 pattern 'CGCAGTCATG' matches 2
64 pattern 'CAGTCAT' matches 4
65 pattern 'GACTAGG' matches 1
66 pattern 'AGGCA' matches 2
67 pattern 'AGACTGAT' matches 2
68 pattern 'ATGCTAGTCA' matches 1
69 pattern 'CAGGCATGC' matches 1
70 pattern 'CGCAGTC' matches 2
71 pattern 'CTAGGCATG' matches 1
72 pattern 'TGTCAGTAC' matches 1
73 pattern 'ATCGACTA' matches 1
74 pattern 'ATC' matches 18
75 pattern 'TAGGC' matches 1
76 pattern 'GGCA' matches 2
77 pattern 'ACTGATC' matches 3
78 pattern 'CTAGCT' matches 4
79 pattern 'CGCATGC' matches 1
80 pattern 'ATCGACTAC' matches 1
81 pattern 'CATG' matches 14
82 pattern 'CTAGA' matches 3
83 pattern 'CGTCAT' matches 1
84 pattern 'ACTAGACGT' matches 1
85 pattern 'CTGATCGCAT' matches 1
86 pattern 'TACTA' matches 1
87 pattern 'TCAGGCAT' matches 1
88 pattern 'CGTGAC' matches 1
89 pattern 'TGCATCG' matches 6
90 pattern 'GCAGTCA' matches 2
91 pattern 'GATCAGTGC' matches 2
92 pattern 'GCATGACTA' matches 2
93 pattern 'CTACGCA' matches 1
94 pattern 'TGACTAGA' matches 1
95 pattern 'ATCGGACT' matches 1
96 pattern 'GACTAGCGTA' matches 1
97 pattern 'ATGCATCGCA' matches 1
98 pattern 'GATCA' matches 4
99 pattern 'ACTAGA' matches 1
100 pattern 'TAGCTACGTG' matches 1
101 pattern 'TCAGGCA' matches 1
102 pattern 'CAGG' matches 1
103 pattern 'CGAT' matches 9
104 pattern 'TAGCTACGCT' matches 1
105 pattern 'GCTGACTAGC' matches 1
106 pattern 'CGACTACGTA' matches 1
107 pattern 'GTACTGACTA' matches 2
108 pattern 'GGCATGCT' matches 2
109 pattern 'GTACGTC' matches 2
110 pattern 'ACTGCATCG' matches 2
111 pattern 'GCATCGATC' matches 2
112 pattern 'CGTAGCTG' matches 1
113 pattern 'GTACGATCAG' matches 1
114 pattern 'CTGAGCT' matches 4
115 pattern 'ACTA' matches 7
116 pattern 'ACGTGAC' matches 1
117 pattern 'ACAGTCATG' matches 1
118 pattern 'TACGATC' matches 2
119 pattern 'CTAGTC' matches 5
120 pattern 'CAGTC' matches 5
121 pattern 'TCATGCGAT' matches 2
122 pattern 'CAGTA' matches 2
123 pattern 'ACGATCA' matches 1
124 pattern 'TGGCTAGCA' matches 1
125 pattern 'CTAGCTGA' matches 1
126 pattern 'TACTGAGCTA' matches 4
127 pattern 'GCTAGTCAT' matches 4
128 pattern 'TCATGC' matches 7
129 pattern 'GGACTGA' matches 1
130 pattern 'GATCGCATGC' matches 1
131 pattern 'CAGTACTA' matches 1
132 pattern 'TGCTAGCTGA' matches 1
133 pattern 'GGCTAG' matches 1
134 pattern 'GTC' matches 14
135 pattern 'TAGACTGA' matches 2
136 pattern 'GTCATCG' matches 1
137 pattern 'AGACGT' matches 1
138 pattern 'CTAGCGTACG' matches 1
139 pattern 'GCGTACGATC' matches 1
140 pattern 'CGATCGA' matches 1
141 pattern 'CTG' matches 14
142 pattern 'GACTAGAC' matches 1
143 pattern 'TACGTGA' matches 1
144 pattern 'GCTGAACG' matches 1
145 pattern 'CTGAGCTAG' matches 4
146 pattern 'CATGCA' matches 4
147 pattern 'GACG' matches 1
148 pattern 'CGCTGACTAG' matches 1
149 pattern 'TCATGCG' matches 2
150 pattern 'TGCG' matches 2
151 pattern 'CGATCA' matches 4
152 pattern 'ACGTAG' matches 1
153 pattern 'TGCTAG' matches 4
154 pattern 'TGACTAGCTA' matches 2
155 pattern 'GGACT' matches 1
156 pattern 'CGCATG' matches 1
157 pattern 'TCAGTACTAG' matches 1
158 pattern 'TCGTACA' matches 1
159 pattern 'TCGTCAGTC' matches 1
160 pattern 'CAGTG' matches 2
161 pattern 'CATGCATCGG' matches 1
162 pattern 'CGTGACT' matches 1
163 pattern 'AACGT' matches 1
164 pattern 'TACGAT' matches 2
165 pattern 'ACTACGT' matches 1
166 pattern 'ATCGAT' matches 3
167 pattern 'CATGCTAGTC' matches 1
168 pattern 'GTACAGT' matches 1
169 pattern 'AGCTG' matches 2
170 pattern 'ATCGC' matches 2
171 pattern 'GCATGA' matches 2
172 pattern 'ATCGCATGCT' matches 1
173 pattern 'TACA' matches 1
174 pattern 'TCGTCAGTCG' matches 1
175 pattern 'CGCTGAC' matches 1
176 pattern 'GTCACG' matches 1
177 pattern 'GCATC' matches 6
178 pattern 'CGTACTGACT' matches 2
179 pattern 'CTGATCGT' matches 2
180 pattern 'AGTG' matches 2
181 pattern 'TAGACGTACT' matches 1
182 pattern 'GCTACGTGA' matches 1
183 pattern 'TCAGGCATGC' matches 1
184 pattern 'CGTCAG' matches 1
185 pattern 'GACTACG' matches 1
186 pattern 'ACGATCGA' matches 1
187 pattern 'TCATGCATCG' matches 4
188 pattern 'TAGCTACGCA' matches 1
189 pattern 'CTAGTCAG' matches 1
190 pattern 'GCTACGT' matches 1
191 pattern 'TGCTAGC' matches 1
192 pattern 'GAACGTACT' matches 1
193 pattern 'TAGCATGT' matches 1
194 pattern 'AGTCATGCA' matches 4
195 pattern 'TCA' matches 17
196 pattern 'TCATGCA' matches 4
197 pattern 'TACGTC' matches 2
198 pattern 'GTACTA' matches 1
199 pattern 'GACTGCATC' matches 2
200 pattern 'TAGCATGTC' matches 1
201 pattern 'CGT' matches 15
202 pattern 'GTACGTCAT' matches 1
203 pattern 'CAGTGCAT' matches 2
204 pattern 'CTAGACGT' matches 1
205 pattern 'GACGTACTG' matches 1
206 pattern 'GATACGTAGC' matches 1
207 pattern 'GCTAGTC' matches 5
208 pattern 'TAGTCAT' matches 4
209 pattern 'TCG' matches 15
210 pattern 'ACGCTGACTA' matches 1
211 pattern 'ACGATCGACT' matches 1
212 pattern 'CATCGT' matches 1
213 pattern 'GTAC' matches 12
214 pattern 'TAGTCATGC' matches 4
215 pattern 'TAGTCATGCA' matches 4
216 pattern 'ACTGAT' matches 3
217 pattern 'ACGCA' matches 1
218 pattern 'ACGCAGT' matches 1
219 pattern 'CAGTAC' matches 2
220 pattern 'CGCTGACTA' matches 1
221 pattern 'TACGTACTG' matches 1
222 pattern 'TGATCGTAC' matches 2
223 pattern 'TCAGTACTA' matches 1
224 pattern 'ATACGTAGC' matches 1
225 pattern 'ACGTAGCTGA' matches 1
226 pattern 'CTAGCAT' matches 1
227 pattern 'AGACTGA' matches 2
228 pattern 'TGAAC' matches 1
229 pattern 'TAGCGTACG' matches 1
230 pattern 'AGCGT' matches 1
231 pattern 'GCGATC' matches 2
232 pattern 'GCTAGAC' matches 2
233 pattern 'AGTGCATG' matches 2
234 pattern 'CTGACTAGA' matches 1
235 pattern 'CATCGG' matches 1
236 pattern 'ACTACGTAC' matches 1
237 pattern 'ACGATCG' matches 2
238 pattern 'CGTCAGT' matches 1
239 pattern 'ACTAGGC' matches 1
240 pattern 'TCGGACTGA' matches 1
241 pattern 'CGGACTGATC' matches 1
242 pattern 'CTGAACGTAC' matches 1
243 pattern 'GCATCGTC' matches 1
244 pattern 'GAGC' matches 4
245 pattern 'GATCAGGCA' matches 1
246 pattern 'CTGAACGT' matches 1
247 pattern 'ATCGT' matches 6
248 pattern 'GAC' matches 12
249 pattern 'CTACGT' matches 2
250 pattern 'ACGATCGTAC' matches 1
251 pattern 'GATACG' matches 1
252 pattern 'GCTGACTGCA' matches 1
253 pattern 'GCTACGCTGA' matches 1
254 pattern 'TCGCAGT' matches 1
255 pattern 'GTACAGTC' matches 1
256 pattern 'GAAC' matches 1
257 pattern 'ATGTCAG' matches 1
258 pattern 'ACGTACTGAG' matches 4
259 pattern 'AGCTAGT' matches 4
260 pattern 'GATCGCATG' matches 1
261 pattern 'TCAGTC' matches 2
262 pattern 'GCTACGCTG' matches 1
263 pattern 'GACTACGTA' matches 1
264 pattern 'TACGTAC' matches 1
265 pattern 'CTAGCTA' matches 3
266 pattern 'GTCAGTAC' matches 2
267 pattern 'ACGTCACGAT' matches 1
268 pattern 'GTCACGAT' matches 1
269 pattern 'AGTCGATACG' matches 1
270 pattern 'GACTAGGCA' matches 1
271 pattern 'TCATC' matches 1
272 pattern 'TACAGTC' matches 1
273 pattern 'ATGCTAGC' matches 1
274 pattern 'GCTAGCT' matches 1
275 pattern 'CTGACTGCA' matches 1
276 pattern 'TGGCTAG' matches 1
277 pattern 'CATGGC' matches 1
278 pattern 'TCGTACTGA' matches 2
279 pattern 'TGATCG' matches 3
280 pattern 'AGTGCATGA' matches 2
281 pattern 'CTAGCTACGT' matches 1
282 pattern 'AACGTACT' matches 1
283 pattern 'ATCGTCAGTC' matches 1
284 pattern 'GATACGTAG' matches 1
285 pattern 'CTGATCGTA' matches 2
286 pattern 'GATCAGTG' matches 2
287 pattern 'GGACTG' matches 1
288 pattern 'TACTAGCTA' matches 1
289 pattern 'AGCT' matches 9
290 pattern 'TAGACTGAT' matches 2
291 pattern 'GACTGA' matches 3
292 pattern 'ACGTCACGA' matches 1
293 pattern 'GTCACGATCG' matches 1
294 pattern 'GCTGACTGC' matches 1
295 pattern 'GCATGTC' matches 1
296 pattern 'ATGACTAGC' matches 2
297 pattern 'ACTAGCTACG' matches 3
298 pattern 'TACGTGACT' matches 1
299 pattern 'TGACTGCATC' matches 2
300 pattern 'CTAGCG' matches 1
301 pattern 'CTAGACTGAT' matches 2
302 pattern 'TGCATG' matches 2
303 pattern 'TACGTGACTG' matches 1
304 pattern 'ACTACG' matches 1
305 pattern 'CAT' matches 21
306 pattern 'ATGCATCGG' matches 1
307 pattern 'TGATCGCATG' matches 1
308 pattern 'CAGTACT' matches 1
309 pattern 'ACG' matches 13
310 pattern 'GCATCGCA' matches 1
311 pattern 'CTGATCGTAC' matches 2
312 pattern 'AACGTACTGA' matches 1
313 pattern 'TAGCTGACT' matches 1
314 pattern 'CGCAGTCAT' matches 2
315 pattern 'GCAG' matches 2
316 pattern 'TGACTAGGCA' matches 1
317 pattern 'ACTGATCGC' matches 1
318 pattern 'TCAGTCGATA' matches 1
319 pattern 'TCGC' matches 2
320 pattern 'TAGGCATGCT' matches 1
321 pattern 'CTAGACTGA' matches 2
322 pattern 'ATCGCATGC' matches 1
323 pattern 'GTCATGG' matches 1
324 pattern 'TCATGGC' matches 1
325 pattern 'TGTCA' matches 1
326 pattern 'GTCATGCAT' matches 4
327 pattern 'GCAGTC' matches 2
328 pattern 'ACGTCAT' matches 1
329 pattern 'GTCATCGAT' matches 1
330 pattern 'GGACTGATCG' matches 1
331 pattern 'AACGTA' matches 1
332 pattern 'TAGG' matches 1
333 pattern 'ACTAGC' matches 4
334 pattern 'TCGATCAGGC' matches 1
335 pattern 'TGTCAGT' matches 1
336 pattern 'TACGATCGA' matches 1
337 pattern 'ACGCTGACT' matches 1
338 pattern 'AGCTAGTCA' matches 4
339 pattern 'CATGCATCG' matches 4
340 pattern 'CGTCATCGAT' matches 1
341 pattern 'GACGTACTGA' matches 1
342 pattern 'GTACAGTCA' matches 1
343 pattern 'GTCGAT' matches 1
344 pattern 'GTAGCT' matches 1
345 pattern 'TGATCGT' matches 2
346 pattern 'GCATCGAT' matches 2
347 pattern 'GATACGTA' matches 1
348 pattern 'GTACGA' matches 2
349 pattern 'ACGATCAGTC' matches 1
350 pattern 'GCATGTCAGT' matches 1
351 pattern 'AGTACG' matches 1
352 pattern 'GCATGCTAGA' matches 2
353 pattern 'CGTCACGA' matches 1
354 pattern 'AGTCATGGC' matches 1
355 pattern 'CATGTCA' matches 1
356 pattern 'ATGCTAGT' matches 1
357 pattern 'GTACTGA' matches 6
358 pattern 'TGCTAGAC' matches 2
359 pattern 'TCGATC' matches 3
360 pattern 'TAGCTA' matches 3
361 pattern 'CGGACTG' matches 1
362 pattern 'GGACTGAT' matches 1
363 pattern 'TGATCGCAT' matches 1
364 pattern 'AGTCAG' matches 1
365 pattern 'CGTACGTCA' matches 2
366 pattern 'CGATACGT' matches 1
367 pattern 'GCATGTCAG' matches 1
368 pattern 'CGCAGT' matches 2
369 pattern 'AGACTGATCG' matches 2
370 pattern 'TGCTAGTCA' matches 1
371 pattern 'GTCAGT' matches 3
372 pattern 'TGAA' matches 1
373 pattern 'GTCAGTCG' matches 1
374 pattern 'CAGTCGATA' matches 1
375 pattern 'GCTGACTG' matches 1
376 pattern 'AGCATGTC' matches 1
377 pattern 'TACTG' matches 6
378 pattern 'ATGCTAG' matches 4
379 pattern 'CATCGAT' matches 3
380 pattern 'AGCTACGTG' matches 1
381 pattern 'TAGCGTACGA' matches 1
382 pattern 'CTAGCA' matches 1
383 pattern 'GATCGA' matches 1
384 pattern 'TACTGAGCT' matches 4
385 pattern 'CATCGC' matches 1
386 pattern 'TGCGAT' matches 2
387 pattern 'TGCTAGACTG' matches 2
388 pattern 'CGTCATC' matches 1
389 pattern 'TAGTCAGT' matches 1
390 pattern 'GTACTGAGC' matches 4
391 pattern 'GACTGCAT' matches 2
392 pattern 'CATCGTCAG' matches 1
393 pattern 'ATGGCTAGCA' matches 1
394 pattern 'TGCATCGC' matches 1
395 pattern 'ATGACTAG' matches 2
396 pattern 'CATGCTAGC' matches 1
397 pattern 'CGTCAGTCGA' matches 1
398 pattern 'GATACGT' matches 1
399 pattern 'CATGTC' matches 1
400 pattern 'CTAGTCAT' matches 4
401 pattern 'CATCGCAG' matches 1
402 pattern 'TGCATGACT' matches 2
403 pattern 'TGAACGTA' matches 1
404 pattern 'AGACTGATC' matches 2
405 pattern 'GTCATC' matches 1
406 pattern 'TCAG' matches 7
407 pattern 'TAGCTACGC' matches 2
408 pattern 'GCGTACGA' matches 1
409 pattern 'AGCATG' matches 1
410 pattern 'GGCAT' matches 2
411 pattern 'TACGTCA' matches 2
412 pattern 'GTGA' matches 1
413 pattern 'TGCATCGAT' matches 2
414 pattern 'TCAGGCATG' matches 1
415 pattern 'GCTG' matches 3
416 pattern 'GTCAGTA' matches 2
417 pattern 'CTACGTGA' matches 1
418 pattern 'GATAC' matches 1
419 pattern 'GATCGAC' matches 1
420 pattern 'GGCTAGCA' matches 1
421 pattern 'GCTAGTCATG' matches 4
422 pattern 'AGTCAT' matches 8
423 pattern 'TCGTACGTCA' matches 2
424 pattern 'GACGT' matches 1
425 pattern 'CTGCAT' matches 2
426 pattern 'GTACGTCACG' matches 1
427 pattern 'CGATCGTACA' matches 1
428 pattern 'GACTACGTAC' matches 1
429 pattern 'ACTGA' matches 9
430 pattern 'CTAGTCATG' matches 4
431 pattern 'CATGCTAG' matches 4
432 pattern 'ATCGATCAGT' matches 2
433 pattern 'TCGCATG' matches 1
434 pattern 'ATCGTC' matches 1
435 pattern 'AGTACGATC' matches 1
436 pattern 'TGCATCGGA' matches 1
437 pattern 'AGCGTAC' matches 1
438 pattern 'GCGTACGAT' matches 1
439 pattern 'TAGGCAT' matches 1
440 pattern 'CGTACGTCAT' matches 1
441 pattern 'ACGTG' matches 1
442 pattern 'ATGGCTAGC' matches 1
443 pattern 'GGCTAGCATG' matches 1
444 pattern 'GATCGACT' matches 1
445 pattern 'ACTACGTA' matches 1
446 pattern 'ATCGTACTG' matches 2
447 pattern 'GTACGT' matches 2
448 pattern 'CGTCATCGA' matches 1
449 pattern 'ATCAGTGCAT' matches 2
450 pattern 'CGTACAGTCA' matches 1
451 pattern 'CTGAAC' matches 1
452 pattern 'TCGATAC' matches 1
453 pattern 'ATCAGTCATG' matches 1
454 pattern 'CATGCAT' matches 4
455 pattern 'TCATGCGA' matches 2
456 pattern 'CTGACTAG' matches 3
457 pattern 'ATGCT' matches 4
458 pattern 'CTGCATCGAT' matches 2
459 pattern 'CGTCACG' matches 1
460 pattern 'ACGTAGCTG' matches 1
461 pattern 'CACGAT' matches 1
462 pattern 'TCGTCAG' matches 1
463 pattern 'GTACGATC' matches 2
464 pattern 'TACGATCG' matches 1
465 pattern 'TCGAC' matches 1
466 pattern 'CTGCATCG' matches 2
467 pattern 'AGTCA' matches 9
468 pattern 'TGCA' matches 8
469 pattern 'GCAGTCAT' matches 2
470 pattern 'TAGACTGATC' matches 2
471 pattern 'ACTGATCG' matches 3
472 pattern 'ACGTCATC' matches 1
473 pattern 'CATCGGACT' matches 1
474 pattern 'TCACGATC' matches 1
475 pattern 'CATGGCTAGC' matches 1
476 pattern 'ACTAC' matches 1
477 pattern 'ATCGCAGTCA' matches 1
478 pattern 'ACTAGCG' matches 1
479 pattern 'GCATGT' matches 1
480 pattern 'GATCGTAC' matches 5
481 pattern 'ATGCATCGGA' matches 1
482 pattern 'AGTCGA' matches 1
483 pattern 'GGC' matches 3
484 pattern 'CATGCATCGT' matches 1
485 pattern 'GTAGCTGAC' matches 1
486 pattern 'TCGACTACG' matches 1
487 pattern 'TCGCAGTCA' matches 1
488 pattern 'TCATCGATCA' matches 1
489 pattern 'TGATCGC' matches 1
490 pattern 'CGCTGA' matches 1
491 pattern 'TGG' matches 1
492 pattern 'TGCTAGCTG' matches 1
493 pattern 'ACGTACT' matches 4
494 pattern 'GTCATGCGAT' matches 2
495 pattern 'TCAGTGCA' matches 2
496 pattern 'AGTGC' matches 2
497 pattern 'ACTAGCTA' matches 3
498 pattern 'CTAC' matches 4
499 pattern 'TACGTG' matches 1
500 pattern 'CGCA' matches 3
501 pattern 'AGGCATGC' matches 2
502 pattern 'ATCAGTGCA' matches 2
503 pattern 'ATCGCAT' matches 1
504 pattern 'CTAGTCAGT' matches 1
505 pattern 'CAGTCATGCT' matches 1
506 pattern 'TGACTAGCG' matches 1
507 pattern 'CTGATCG' matches 3
508 pattern 'GACTAGCTAC' matches 2
509 pattern 'TACGC' matches 2
510 pattern 'CTGATCGC' matches 1
511 pattern 'CTGACT' matches 4
512 pattern 'ACTAGGCAT' matches 1
513 pattern 'CGTACG' matches 3
514 pattern 'TACGTCAC' matches 1
515 pattern 'GCATCGTCAG' matches 1
516 pattern 'TGGC' matches 1
517 pattern 'GACTACGT' matches 1
518 pattern 'TACGTCATCG' matches 1
519 pattern 'TCGGACTG' matches 1
520 pattern 'GCTGAACGTA' matches 1
521 pattern 'CTACGTA' matches 1
522 pattern 'TCGTACTGAC' matches 2
523 pattern 'TACGCAGTCA' matches 1
524 pattern 'GCTGACT' matches 2
525 pattern 'CTGACTGC' matches 1
526 pattern 'GACTGAT' matches 3
527 pattern 'GTACGTCA' matches 2
528 pattern 'TCAGT' matches 6
529 pattern 'CATGACTA' matches 2
530 pattern 'GTCAG' matches 3
531 pattern 'TCACGA' matches 1
532 pattern 'TACGTA' matches 2
533 pattern 'ACTG' matches 11
534 pattern 'CTAG' matches 15
535 pattern 'CGCAG' matches 2
536 pattern 'TGACTAGGC' matches 1
537 pattern 'ATCGTACAGT' matches 1
538 pattern 'AGCTGAACGT' matches 1
539 pattern 'GTACTAGCTA' matches 1
540 pattern 'CGATCGTAC' matches 3
541 pattern 'GGCATGC' matches 2
542 pattern 'GGCATGCTAG' matches 2
543 pattern 'TGATC' matches 3
544 pattern 'GTACG' matches 4
545 pattern 'GTGC' matches 2
546 pattern 'GGA' matches 1
547 pattern 'TCGATACGT' matches 1
548 pattern 'ATGGCTAG' matches 1
549 pattern 'GCG' matches 3
550 pattern 'TCGCATGC' matches 1
551 pattern 'GCTACGTGAC' matches 1
552 pattern 'TCATGCTA' matches 1
553 pattern 'GCTGAA' matches 1
554 pattern 'ATCGTCAG' matches 1
555 pattern 'GTCGATACGT' matches 1
556 pattern 'CAGTACGAT' matches 1
557 pattern 'CGGA' matches 1
558 pattern 'TGCTAGTCAG' matches 1
559 pattern 'TCATGGCTA' matches 1
560 pattern 'GTACGATCG' matches 1
561 pattern 'ACGTAC' matches 4
562 pattern 'CGTGACTGC' matches 1
563 pattern 'TCGTACAGTC' matches 1
564 pattern 'CGATCAGTC' matches 1
565 pattern 'GTACGATCA' matches 1
566 pattern 'ACTGAGCT' matches 4
567 pattern 'GATCGTA' matches 5
568 pattern 'CATGCTAGA' matches 2
569 pattern 'CTACGCAGT' matches 1
570 pattern 'TACTAG' matches 1
571 pattern 'CGATCAGG' matches 1
572 pattern 'AGCGTACG' matches 1
573 pattern 'CATGGCT' matches 1
574 pattern 'CATC' matches 7
575 pattern 'TAGCTGAAC' matches 1
576 pattern 'GCATGTCA' matches 1
577 pattern 'ATCGCAG' matches 1
578 pattern 'TCGA' matches 5
579 pattern 'CTAGCTACG' matches 3
580 pattern 'CTAGACGTA' matches 1
581 pattern 'GTGACT' matches 1
582 pattern 'TACGATCAGT' matches 1
583 pattern 'AGCATGTCAG' matches 1
584 pattern 'ATCGACT' matches 1
585 pattern 'ACTGACTAGG' matches 1
586 pattern 'TGACTA' matches 5
587 pattern 'CGCATGCTA' matches 1
588 pattern 'TACTAGCTAC' matches 1
589 pattern 'CGTACGA' matches 1
590 pattern 'GTACGATCGA' matches 1
591 pattern 'CTAGACTG' matches 2
592 pattern 'GCATCGGACT' matches 1
593 pattern 'GACTGC' matches 2
594 pattern 'GGCTA' matches 1
595 pattern 'TAC' matches 17
596 pattern 'ATCGTCA' matches 1
597 pattern 'ATACGTAG' matches 1
598 pattern 'GCTACGCT' matches 1
599 pattern 'TCAGTACGA' matches 1
600 pattern 'TACTGACT' matches 2
601 pattern 'ATGCTAGA' matches 2
602 pattern 'TAGTCAGTA' matches 1
603 pattern 'TCACG' matches 1
604 pattern 'TAGCTGACTG' matches 1
605 pattern 'GGCT' matches 1
606 pattern 'AGT' matches 14
607 pattern 'TCATGCATC' matches 4
608 pattern 'ATGCGATC' matches 2
609 pattern 'ACTGACTAG' matches 2
610 pattern 'GACGTAC' matches 1
611 pattern 'CATGCTAGCT' matches 1
612 pattern 'GTAGCTGACT' matches 1
613 pattern 'GCGTA' matches 1
614 pattern 'TACGATCAG' matches 1
615 pattern 'GAGCTAGTCA' matches 4
616 pattern 'GCAGTCATGC' matches 2
617 pattern 'ACTAGGCATG' matches 1
618 pattern 'TAGA' matches 3
619 pattern 'ACGTGACTGC' matches 1
620 pattern 'GATCGTACA' matches 1
621 pattern 'GAACGTA' matches 1
622 pattern 'CTAGCATGT' matches 1
623 pattern 'TCAGTACG' matches 1
624 pattern 'TGCATC' matches 6
625 pattern 'GCATCGC' matches 1
626 pattern 'GACT' matches 11
627 pattern 'GCTAC' matches 3
628 pattern 'ATCAGG' matches 1
629 pattern 'ATCGTACAG' matches 1
630 pattern 'GCGA' matches 2
631 pattern 'CATGCTA' matches 4
632 pattern 'TAGTCAGTAC' matches 1
633 pattern 'GTCAGTACTA' matches 1
634 pattern 'TCGATCAGG' matches 1
635 pattern 'CACGATCGTA' matches 1
636 pattern 'TAGCATG' matches 1
637 pattern 'CGTACT' matches 6
638 pattern 'AGCTACGCAG' matches 1
639 pattern 'AGTCAGTACT' matches 1
640 pattern 'GATA' matches 1
641 pattern 'TACGTAGC' matches 1
642 pattern 'AGCTACGCT' matches 1
643 pattern 'GTACTGACT' matches 2
644 pattern 'TCATCGA' matches 1
645 pattern 'CGTG' matches 1
646 pattern 'ACTGCATCGA' matches 2
647 pattern 'TGCTAGCT' matches 1
648 pattern 'ATGCATCGT' matches 1
649 pattern 'ACTAGCGTA' matches 1
650 pattern 'TCGGACT' matches 1
651 pattern 'TGCTAGTC' matches 1
652 pattern 'ACGTCACG' matches 1
653 pattern 'TACAGTCAT' matches 1
654 pattern 'CTGAACG' matches 1
655 pattern 'CTACGCT' matches 1
656 pattern 'GTACTGAGCT' matches 4
657 pattern 'GCTAGA' matches 2
658 pattern 'GCATGAC' matches 2
659 pattern 'AGACGTA' matches 1
660 pattern 'CGCATGCTAG' matches 1
661 pattern 'TGCATCGATC' matches 2
662 pattern 'TCGATA' matches 1
663 pattern 'TGGCTAGC' matches 1
664 pattern 'AGTC' matches 10
665 pattern 'GCATCG' matches 6
666 pattern 'GCTAGACT' matches 2
667 pattern 'ACTGC' matches 2
668 pattern 'ACAGTCAT' matches 1
669 pattern 'AGTCATGGCT' matches 1
670 pattern 'GTCATGGC' matches 1
671 pattern 'TGTC' matches 1
672 pattern 'CTAGT' matches 5
673 pattern 'TGCATGAC' matches 2
674 pattern 'TACAGTCA' matches 1
675 pattern 'TCATGCT' matches 1
676 pattern 'AGTCGATA' matches 1
677 pattern 'CTAGCATG' matches 1
678 pattern 'ATGTCAGTAC' matches 1
679 pattern 'CATGCATCGC' matches 1
680 pattern 'AGACGTACT' matches 1
681 pattern 'AGTCAGTA' matches 1
682 pattern 'AGCTGA' matches 2
683 pattern 'ACGCTG' matches 1
684 pattern 'ATGCGATCG' matches 2
685 pattern 'CTGAC' matches 4
686 pattern 'TCATCG' matches 1
687 pattern 'ATCAGT' matches 3
688 pattern 'GTCG' matches 1
689 pattern 'AGTGCAT' matches 2
690 pattern 'CTGCATC' matches 2
691 pattern 'ATCAGTCA' matches 1
692 pattern 'TCATGG' matches 1
693 pattern 'GATCGACTA' matches 1
694 pattern 'CGC' matches 4
695 pattern 'CAGTGCATG' matches 2
696 pattern 'GCATGACTAG' matches 2
697 pattern 'ACTAGCT' matches 3
698 pattern 'ACTAGAC' matches 1
699 pattern 'ATGTCA' matches 1
700 pattern 'GTCATGC' matches 7
701 pattern 'ATCGTAC' matches 5
702 pattern 'CGATCAGTG' matches 2
703 pattern 'ACTAGACG' matches 1
704 pattern 'ACGATCGAC' matches 1
705 pattern 'TGCAT' matches 8
706 pattern 'CGGACT' matches 1
707 pattern 'ACTGCA' matches 2
708 pattern 'TGGCT' matches 1
709 pattern 'AGTCATGC' matches 7
710 pattern 'CTGC' matches 2
711 pattern 'AGCTAGTC' matches 4
712 pattern 'GCT' matches 15
713 pattern 'AGTCATGCG' matches 2
714 pattern 'GCATG' matches 6
715 pattern 'CATCGTC' matches 1
716 pattern 'GCGT' matches 1
717 pattern 'CATGCGAT' matches 2
718 pattern 'AGG' matches 2
719 pattern 'TACG' matches 9
720 pattern 'GTGACTGCA' matches 1
721 pattern 'CACG' matches 1
722 pattern 'ACA' matches 1
723 pattern 'GCTAGCTGA' matches 1
724 pattern 'AGCTA' matches 7
725 pattern 'AGA' matches 3
726 pattern 'AGACG' matches 1
727 pattern 'GTCACGA' matches 1
728 pattern 'AGCTACGCTG' matches 1
729 pattern 'TGAGCTAGTC' matches 4
730 pattern 'GCATGCT' matches 3
731 pattern 'CTACGCAG' matches 1
732 pattern 'TGACTG' matches 2
733 pattern 'TCATGCTAGC' matches 1
734 pattern 'ATACG' matches 1
735 pattern 'ACGT' matches 8
736 pattern 'GATCAG' matches 4
737 pattern 'ATCAGTG' matches 2
738 pattern 'CTACG' matches 4
739 pattern 'CTGCA' matches 2
740 pattern 'ACAG' matches 1
741 pattern 'AGCGTACGA' matches 1
742 pattern 'TGCGATCGTA' matches 2
743 pattern 'ATCGTACGT' matches 2
744 pattern 'ACTAGCTAC' matches 3
745 pattern 'ACGC' matches 2
746 pattern 'CACGATC' matches 1
747 pattern 'CTAGCTGAAC' matches 1
748 pattern 'TGACTAGCGT' matches 1
749 pattern 'ATGGC' matches 1
750 pattern 'CAGTACG' matches 1
751 pattern 'TGAG' matches 4
752 pattern 'GCGATCGTA' matches 2
753 pattern 'CAGTCG' matches 1
754 pattern 'GCTGAC' matches 2
755 pattern 'CGA' matches 10
756 pattern 'GATCGTACGT' matches 2
757 pattern 'GCTAGCA' matches 1
758 pattern 'CTACGTACTG' matches 1
759 pattern 'TCATGCAT' matches 4
760 pattern 'TAGGCATG' matches 1
761 pattern 'TGCTAGACT' matches 2
762 pattern 'AGACT' matches 2
763 pattern 'TCATGCTAG' matches 1
764 pattern 'ATGT' matches 1
765 pattern 'TGT' matches 1
766 pattern 'TGAGCTAGT' matches 4
767 pattern 'GATCGT' matches 5
768 pattern 'AGACTG' matches 2
769 pattern 'AGCGTACGAT' matches 1
770 pattern 'GTACTG' matches 6
771 pattern 'GAT' matches 12
772 pattern 'TGACTAGC' matches 3
773 pattern 'TCGCATGCTA' matches 1
774 pattern 'GCTGAACGT' matches 1
775 pattern 'CGCTG' matches 1
776 pattern 'CTAGCGT' matches 1
777 pattern 'CAGTCATGCG' matches 2
778 pattern 'TGACTGC' matches 2
779 pattern 'ACGA' matches 3
780 pattern 'TAGCTG' matches 2
781 pattern 'AGCTGACT' matches 1
782 pattern 'ACGATCAG' matches 1
783 pattern 'GAG' matches 4
784 pattern 'CGATCGTA' matches 3
785 pattern 'CGATCAGT' matches 3
786 pattern 'ACGCAGTCA' matches 1
787 pattern 'GAA' matches 1
788 pattern 'CGTAG' matches 1
789 pattern 'TAGCGTAC' matches 1
790 pattern 'GATCAGTCAT' matches 1
791 pattern 'TACT' matches 7
792 pattern 'TCGCAGTCAT' matches 1
793 pattern 'TACTGACTAG' matches 2
794 pattern 'CTAGG' matches 1
795 pattern 'AGTAC' matches 2
796 pattern 'CGTCAGTCG' matches 1
797 pattern 'GTCAGTACG' matches 1
798 pattern 'CATCGATCA' matches 3
799 pattern 'CATGA' matches 2
800 pattern 'CTACGCAGTC' matches 1
801 pattern 'ACGCAGTCAT' matches 1
802 pattern 'TCGGAC' matches 1
803 pattern 'GCTGACTAG' matches 1
804 pattern 'AGCG' matches 1
805 pattern 'TAGCGT' matches 1
806 pattern 'ACTGAGCTAG' matches 4
807 pattern 'TCGTA' matches 5
808 pattern 'TCGAT' matches 4
809 pattern 'TCAGTGCAT' matches 2
810 pattern 'ACTAGACGTA' matches 1
811 pattern 'AACGTACTG' matches 1
812 pattern 'TACGCTG' matches 1
813 pattern 'ATGCG' matches 2
814 pattern 'GTGCATGACT' matches 2
815 pattern 'TGCATGA' matches 2
816 pattern 'CTACGC' matches 2
817 pattern 'TCGCAT' matches 1
818 pattern 'CGTACA' matches 1
819 pattern 'GTCGATA' matches 1
820 pattern 'ACTGAC' matches 2
821 pattern 'ACTAG' matches 6
822 pattern 'CAGTCATGG' matches 1
823 pattern 'CATGGCTAG' matches 1
824 pattern 'CGATCG' matches 4
825 pattern 'CTGACTAGGC' matches 1
826 pattern 'GAACG' matches 1
827 pattern 'GCTAGACTGA' matches 2
828 pattern 'GTG' matches 3
829 pattern 'AGCTACGC' matches 2
830 pattern 'GCTACGCAGT' matches 1
831 pattern 'GTCATGCT' matches 1
832 pattern 'GCTGAAC' matches 1
833 pattern 'ATCAGTCAT' matches 1
834 pattern 'GCATCGCAGT' matches 1
835 pattern 'ATACGT' matches 1
836 pattern 'GTAGCTG' matches 1
837 pattern 'ATCGCATG' matches 1
838 pattern 'TGCATCGTC' matches 1
839 pattern 'GTAG' matches 1
840 pattern 'CGTACGATC' matches 1
841 pattern 'CATGTCAG' matches 1
842 pattern 'TCGACTAC' matches 1
843 pattern 'CGACT' matches 1
844 pattern 'CGTACTGAG' matches 4
845 pattern 'TAGACT' matches 2
846 pattern 'GTGCAT' matches 2
847 pattern 'ATGCTAGTC' matches 1
848 pattern 'CGATCAGGC' matches 1
849 pattern 'ACGAT' matches 3
850 pattern 'ATGG' matches 1
851 pattern 'CAG' matches 10
852 pattern 'TCGTAC' matches 5
853 pattern 'TAGGCATGC' matches 1
854 pattern 'GCATGCTAG' matches 3
855 pattern 'ATGACTA' matches 2
856 pattern 'TGCATCGGAC' matches 1
857 pattern 'AGCTGAAC' matches 1
858 pattern 'GCTAG' matches 9
859 pattern 'CGATAC' matches 1
860 pattern 'TGATCGTACG' matches 2
861 pattern 'ACGTCATCG' matches 1
862 pattern 'TAGACGTA' matches 1
863 pattern 'ACAGTCATGC' matches 1
864 pattern 'GCTGA' matches 3
865 pattern 'GATCGTACAG' matches 1
866 pattern 'GTCAT' matches 9
867 pattern 'CATGCATC' matches 4
868 pattern 'CTAGACT' matches 2
869 pattern 'CTGATC' matches 3
870 pattern 'ATCGTACG' matches 2
871 pattern 'CGTACGT' matches 2
872 pattern 'ATCGATC' matches 3
873 pattern 'CAGTGCA' matches 2
874 pattern 'TCGTCAGT' matches 1
875 pattern 'CTGACTAGC' matches 1
876 pattern 'AGGC' matches 2
877 pattern 'GGCATGCTA' matches 2
878 pattern 'CGTC' matches 3
879 pattern 'TCACGATCG' matches 1
880 pattern 'TCGTACAGT' matches 1
881 pattern 'CTGAACGTA' matches 1
882 pattern 'TGAACGTACT' matches 1
883 pattern 'CATGGCTA' matches 1
884 pattern 'AGCAT' matches 1
885 pattern 'CGCAT' matches 1
886 pattern 'GTGACTG' matches 1
887 pattern 'CAGGC' matches 1
888 pattern 'ATCGTACTGA' matches 2
889 pattern 'GCATGACT' matches 2
890 pattern 'GTCGA' matches 1
891 pattern 'GAGCTA' matches 4
892 pattern 'GATCGCA' matches 1
893 pattern 'AGTACT' matches 1
894 pattern 'GTCGATAC' matches 1
895 pattern 'ATGTCAGT' matches 1
896 pattern 'TCGACT' matches 1
897 pattern 'AGTGCATGAC' matches 2
898 pattern 'ATCGG' matches 1
899 pattern 'TCAGTACGAT' matches 1
900 pattern 'ACGTA' matches 5
901 pattern 'TGCGATC' matches 2
902 pattern 'ATGAC' matches 2
903 pattern 'CTGATCGCA' matches 1
904 pattern 'CTACGTGAC' matches 1
905 pattern 'GTCATGGCT' matches 1
906 pattern 'GAGCTAG' matches 4
907 pattern 'GACTGATC' matches 3
908 pattern 'CGGAC' matches 1
909 pattern 'TAGCTGAACG' matches 1
910 pattern 'ATCGTCAGT' matches 1
911 pattern 'AGCGTA' matches 1
912 pattern 'CGTACGATCA' matches 1
913 pattern 'CATCGATC' matches 3
914 pattern 'ATGACT' matches 2
915 pattern 'AGTCAGTAC' matches 1
916 pattern 'GATCAGGC' matches 1
917 pattern 'ATACGTA' matches 1
918 pattern 'ACTAGCGT' matches 1
919 pattern 'CGATCAGTCA' matches 1
920 pattern 'CGATA' matches 1
921 pattern 'GCATCGCAG' matches 1
922 pattern 'TCGTACT' matches 2
923 pattern 'ACTGATCGTA' matches 2
924 pattern 'AGTGCA' matches 2
925 pattern 'GCATCGG' matches 1
926 pattern 'ATCGGAC' matches 1
927 pattern 'AGTACTAGC' matches 1
928 pattern 'CTGACTAGG' matches 1
929 pattern 'CTAGGCATGC' matches 1
930 pattern 'GTACGTCATC' matches 1
931 pattern 'CATCGATCAG' matches 3
932 pattern 'CAGGCATGCT' matches 1
933 pattern 'TACGTAGCT' matches 1
934 pattern 'TGCTA' matches 4
935 pattern 'ACGTGACT' matches 1
936 pattern 'CGTGACTGCA' matches 1
937 pattern 'ATACGTAGCT' matches 1
938 pattern 'ACGATCAGT' matches 1
939 pattern 'TCAGTCAT' matches 1
940 pattern 'TCGCAG' matches 1
941 pattern 'CGTCA' matches 3
942 pattern 'TGACTAGACG' matches 1
943 pattern 'GACTGATCGC' matches 1
944 pattern 'AGTA' matches 2
945 pattern 'GTCATGCTAG' matches 1
946 pattern 'CGTACTGAC' matches 2
947 pattern 'GACTAGGC' matches 1
948 pattern 'TCAC' matches 1
949 pattern 'GTACAG' matches 1
950 pattern 'AAC' matches 1
951 pattern 'AACGTAC' matches 1
952 pattern 'ACTGAGC' matches 4
953 pattern 'GTCATGCA' matches 4
954 pattern 'CGTCATCG' matches 1
955 pattern 'CTAGACGTAC' matches 1
956 pattern 'CGTCACGATC' matches 1
957 pattern 'CAGTCGA' matches 1
958 pattern 'TACGCTGAC' matches 1
959 pattern 'CATGCGATC' matches 2
960 pattern 'GTCAGTC' matches 1
961 pattern 'ACGCT' matches 1
962 pattern 'GACTAG' matches 5
963 pattern 'TACGCA' matches 1
964 pattern 'GTCATGCTA' matches 1
965 pattern 'CGATACG' matches 1
966 pattern 'CTACGCTG' matches 1
967 pattern 'TGCATCGT' matches 1
968 pattern 'GTCAGTCGA' matches 1
969 pattern 'TACGCTGA' matches 1
970 pattern 'CAGTCATGGC' matches 1
971 pattern 'CATCGCAGT' matches 1
972 pattern 'GCAGT' matches 2
973 pattern 'ACGTCATCGA' matches 1
974 pattern 'TCAGTG' matches 2
975 pattern 'CGTAGCT' matches 1
976 pattern 'CTGACTGCAT' matches 1
977 pattern 'GATCAGTC' matches 1
978 pattern 'CATCG' matches 7
979 pattern 'GTGCA' matches 2
980 pattern 'TGATCGCA' matches 1
981 pattern 'TGCATCGA' matches 2
982 pattern 'ATA' matches 1
983 pattern 'ATCGAC' matches 1
984 pattern 'CGATACGTA' matches 1
985 pattern 'CTGAG' matches 4
986 pattern 'CATCGCAGTC' matches 1
987 pattern 'TACGTCATC' matches 1
988 pattern 'TCAGTGCATG' matches 2
989 pattern 'GTACTAGCT' matches 1
990 pattern 'TACGTCACG' matches 1
991 pattern 'CGTCAC' matches 1
992 pattern 'TAGCAT' matches 1
993 pattern 'AGCTAGTCAT' matches 4
994 pattern 'GGACTGATC' matches 1
995 pattern 'GCTAGTCAG' matches 1
996 pattern 'CTACGTGACT' matches 1
997 pattern 'TAGCATGTCA' matches 1
998 pattern 'CGATCGACT' matches 1
999 pattern 'GATCGTACT' matches 2
1000 pattern 'ATGACTAGCT' matches 2
1001 pattern 'GCTAGTCAGT' matches 1
1002 pattern 'AGCTAG' matches 4
1003 pattern 'GTCATGCGA' matches 2
1004 pattern 'TAGCTACG' matches 3
1005 pattern 'AGTCG' matches 1
1006 pattern 'AGTACGATCG' matches 1
1007 pattern 'CGTACTGAGC' matches 4
1008 pattern 'TGAGCTAG' matches 4
1009 pattern 'ATGCTAGACT' matches 2
1010 pattern 'TCGGACTGAT' matches 1
1011 pattern 'TGGCTAGCAT' matches 1
1012 pattern 'TGCATCGG' matches 1
1013 pattern 'GATCGCAT' matches 1
1014 pattern 'TACGCTGACT' matches 1
1015 pattern 'TCATGGCTAG' matches 1
1016 pattern 'TCGCA' matches 2
1017 pattern 'GCATGCTAGT' matches 1
1018 pattern 'TCAGTAC' matches 2
1019 pattern 'GCTAGCTGAA' matches 1
1020 pattern 'TAGCGTA' matches 1
1021 pattern 'CGTACTG' matches 6
1022 pattern 'AGTCATGCGA' matches 2
1023 pattern 'CATGCGA' matches 2
1024 pattern 'TCATCGAT' matches 1
1025 pattern 'ATCGGA' matches 1
1026 pattern 'CATGCTAGT' matches 1
1027 pattern 'TAGCTGAC' matches 1
1028 pattern 'GCAT' matches 12
1029 pattern 'ACTGATCGT' matches 2
1030 pattern 'TCGCATGCT' matches 1
1031 pattern 'AGCTACGT' matches 1
1032 pattern 'CGATCAGGCA' matches 1
1033 pattern 'GCTAGCTG' matches 1
1034 pattern 'TCGATACG' matches 1
1035 pattern 'ACT' matches 18
1036 pattern 'ACGCAGTC' matches 1
1037 pattern 'CGG' matches 1
1038 pattern 'CTGACTG' matches 1
1039 pattern 'TCAGTCATGG' matches 1
1040 pattern 'ATG' matches 14
1041 pattern 'TACTGAC' matches 2
1042 pattern 'AGAC' matches 3
1043 pattern 'ATCGA' matches 4
1044 pattern 'GATCGC' matches 1
1045 pattern 'TCGTC' matches 1
1046 pattern 'GCTAGCAT' matches 1
1047 pattern 'ACTGCATC' matches 2
1048 pattern 'GATCGTACTG' matches 2
1049 pattern 'GACTAGGCAT' matches 1
1050 pattern 'CTGAT' matches 3
1051 pattern 'CATGACTAG' matches 2
1052 pattern 'CTAGCTACGC' matches 2
1053 pattern 'ACGCAG' matches 1
1054 pattern 'CTACGTG' matches 1
1055 pattern 'GCTA' matches 12
1056 pattern 'TGACTAGG' matches 1
1057 pattern 'GCTACGC' matches 2
1058 pattern 'TACTAGC' matches 1
1059 pattern 'TGACTGCA' matches 2
1060 pattern 'CTGAA' matches 1
1061 pattern 'GTACT' matches 7
1062 pattern 'GAGCTAGTC' matches 4
1063 pattern 'ATGCATCGC' matches 1
1064 pattern 'CATGCG' matches 2
1065 pattern 'AGCTACGCA' matches 1
1066 pattern 'ATCGGACTGA' matches 1
1067 pattern 'CTAGCTGAA' matches 1
1068 pattern 'TCAGTCGA' matches 1
1069 pattern 'TGAGCTA' matches 4
1070 pattern 'GTCATGCATC' matches 4
1071 pattern 'TCATG' matches 8
1072 pattern 'CGGACTGA' matches 1
1073 pattern 'GCATCGATCA' matches 2
1074 pattern 'GCTAGC' matches 2
1075 pattern 'CATCGTCAGT' matches 1
1076 pattern 'ATGTCAGTA' matches 1
1077 pattern 'ATGCTAGAC' matches 2
1078 pattern 'TCAGTGC' matches 2
1079 pattern 'GCTACGCAG' matches 1
1080 pattern 'AGCTGACTGC' matches 1
1081 pattern 'AGTCATGG' matches 1
1082 pattern 'GACTAGCTA' matches 2
1083 pattern 'CTAGTCAGTA' matches 1
1084 pattern 'GACTGCATCG' matches 2
1085 pattern 'CACGA' matches 1
1086 pattern 'CTACGTAC' matches 1
1087 pattern 'TACTGAGC' matches 4
1088 pattern 'ATCG' matches 14
1089 pattern 'GATCAGGCAT' matches 1
1090 pattern 'GTACGAT' matches 2
1091 pattern 'AGCATGT' matches 1
1092 pattern 'GACTA' matches 6
1093 pattern 'TCGTCA' matches 1
1094 pattern 'TCGACTA' matches 1
1095 pattern 'CTGAGC' matches 4
1096 pattern 'ACGTCA' matches 2
1097 pattern 'TACGTGAC' matches 1
1098 pattern 'GTGACTGC' matches 1
1099 pattern 'GATCGACTAC' matches 1
1100 pattern 'GCTAGT' matches 5
1101 pattern 'GCGATCG' matches 2
1102 pattern 'TAGCA' matches 1
1103 pattern 'CGACTAC' matches 1
1104 pattern 'CGTA' matches 11
1105 pattern 'GTCATG' matches 8
1106 pattern 'TAGTCAG' matches 1
1107 pattern 'TGCATCGCAG' matches 1
1108 pattern 'TAGCT' matches 5
1109 pattern 'CGCATGCT' matches 1
1110 pattern 'GCTAGCATG' matches 1
1111 pattern 'CATGT' matches 1
1112 pattern 'CATGTCAGT' matches 1
1113 pattern 'ACGTACTG' matches 4
1114 pattern 'TACGT' matches 5
1115 pattern 'TCAGTACT' matches 1
1116 pattern 'GCTACGTG' matches 1
1117 pattern 'CGTGACTG' matches 1
1118 pattern 'CGTACAGTC' matches 1
1119 pattern 'GTCAGTCGAT' matches 1
1120 pattern 'TGTCAGTA' matches 1
1121 pattern 'TCACGAT' matches 1
1122 pattern 'CTAGCATGTC' matches 1
1123 pattern 'TGCGATCGT' matches 2
1124 pattern 'TGTCAGTACG' matches 1
1125 pattern 'GGCTAGC' matches 1
1126 pattern 'TGCATCGCA' matches 1
1127 pattern 'TAGACTG' matches 2
1128 pattern 'GCGTAC' matches 1
1129 pattern 'CAGTACGA' matches 1
1130 pattern 'ATGCGAT' matches 2
1131 pattern 'GACTGATCGT' matches 2
1132 pattern 'GATCGTACG' matches 2
1133 pattern 'CAGGCAT' matches 1
1134 pattern 'ATCGATCAG' matches 3
1135 pattern 'GATCAGTGCA' matches 2
1136 pattern 'GCATCGT' matches 1
1137 pattern 'TGGCTA' matches 1
1138 pattern 'ATGCATCGTC' matches 1
1139 pattern 'TCATGCGATC' matches 2
1140 pattern 'CTAGGC' matches 1
1141 pattern 'TGAT' matches 3
1142 pattern 'CAGTGC' matches 2
1143 pattern 'ACGTCAC' matches 1
1144 pattern 'ACAGTC' matches 1
1145 pattern 'ATGCTAGCT' matches 1
1146 pattern 'GTACTGAG' matches 4
1147 pattern 'TCGG' matches 1
1148 pattern 'AGTACTAGCT' matches 1
1149 pattern 'ATCAGGC' matches 1
1150 pattern 'TACAGT' matches 1
1151 pattern 'GTCGATACG' matches 1
1152 pattern 'TGAACGT' matches 1
1153 pattern 'TACGTAG' matches 1
1154 pattern 'CGTAGCTGAC' matches 1
1155 pattern 'ACGCTGAC' matches 1
1156 pattern 'TAGCG' matches 1
1157 pattern 'ACTGAGCTA' matches 4
1158 pattern 'ATCGATCA' matches 3
1159 pattern 'CGTACGAT' matches 1
1160 pattern 'CGCTGACT' matches 1
1161 pattern 'CGTAC' matches 10
1162 pattern 'GGCATG' matches 2
1163 pattern 'GCTAGACTG' matches 2
1164 pattern 'TCGTACGTC' matches 2
1165 pattern 'ACGTC' matches 2
1166 pattern 'AGCTAC' matches 3
1167 pattern 'TCACGATCGT' matches 1
1168 pattern 'AGTACGAT' matches 1
1169 pattern 'AGTCGATAC' matches 1
1170 pattern 'TACTGA' matches 6
1171 pattern 'CATGC' matches 10
1172 pattern 'TCGTACG' matches 2
1173 pattern 'TGCATGACTA' matches 2
1174 pattern 'TGACTAGAC' matches 1
1175 pattern 'GACTAGACG' matches 1
1176 pattern 'TGCATCGTCA' matches 1
1177 pattern 'ACTACGTACT' matches 1
1178 pattern 'CGATCGTACT' matches 2
1179 pattern 'TAGCTAC' matches 3
1180 pattern 'TAGACGT' matches 1
1181 pattern 'TAGACGTAC' matches 1
1182 pattern 'GACGTA' matches 1
1183 pattern 'AGTACGA' matches 1
1184 pattern 'CGAC' matches 1
1185 pattern 'CTGAGCTA' matches 4
1186 pattern 'TGCGATCG' matches 2
1187 pattern 'TACTGACTA' matches 2
1188 pattern 'CATGCT' matches 4
1189 pattern 'TACTAGCT' matches 1
1190 pattern 'AGCA' matches 1
1191 pattern 'CATCGCA' matches 1
1192 pattern 'CAGTCATGC' matches 3
1193 pattern 'GTGCATG' matches 2
1194 pattern 'AGCTACGTGA' matches 1
1195 pattern 'ATCAGGCA' matches 1
1196 pattern 'TCAGG' matches 1
1197 pattern 'AGTCATGCT' matches 1
1198 pattern 'CGATCGACTA' matches 1
1199 pattern 'GAGCT' matches 4
1200 pattern 'TCAT' matches 9
1201 pattern 'CATGCTAGAC' matches 2
1202 pattern 'GAACGTACTG' matches 1
1203 pattern 'ACTAGCGTAC' matches 1
1204 pattern 'GTCATGCG' matches 2
1205 pattern 'ATCGTACT' matches 2
1206 pattern 'GACTGATCG' matches 3
1207 pattern 'CATCGA' matches 3
1208 pattern 'CAGGCATG' matches 1
1209 pattern 'CAGTCGATAC' matches 1
1210 pattern 'TACGCT' matches 1
1211 pattern 'TGA' matches 15
1212 pattern 'CGGACTGAT' matches 1
1213 pattern 'GCTGACTA' matches 1
1214 pattern 'GAGCTAGT' matches 4
1215 pattern 'GCGAT' matches 2
1216 pattern 'CGTACGTC' matches 2
1217 pattern 'ACGATCGTA' matches 1
1218 pattern 'CGTACAG' matches 1
1219 pattern 'TCAGTCGAT' matches 1
1220 pattern 'CGACTACGT' matches 1
1221 pattern 'TGAGC' matches 4
1222 pattern 'TAGTCA' matches 5
1223 pattern 'TGC' matches 14
1224 pattern 'TGCGA' matches 2
1225 pattern 'CTAGACG' matches 1
1226 pattern 'TACTGAG' matches 4
1227 pattern 'CGTGA' matches 1
1228 pattern 'TCAGTCA' matches 1
1229 pattern 'ACTGAG' matches 4
1230 pattern 'TCGATCA' matches 3
1231 pattern 'AGTCAGT' matches 1
1232 pattern 'CGTACGTCAC' matches 1
1233 pattern 'ACGTAGC' matches 1
1234 pattern 'TGACTGCAT' matches 2
1235 pattern 'GTCA' matches 13
1236 pattern 'CGCAGTCA' matches 2
1237 pattern 'CAGT' matches 9
1238 pattern 'ATCAGGCATG' matches 1
1239 pattern 'CAC' matches 1
1240 pattern 'TAGT' matches 5
1241 pattern 'TGCT' matches 4
1242 pattern 'TCGGA' matches 1
1243 pattern 'GTACAGTCAT' matches 1
1244 pattern 'AACG' matches 1
1245 pattern 'CTACGCTGAC' matches 1
1246 pattern 'CATGACT' matches 2
1247 pattern 'ACGATC' matches 3
1248 pattern 'AGCATGTCA' matches 1
1249 pattern 'ATCGACTACG' matches 1
1250 pattern 'ACGTACTGA' matches 4
1251 pattern 'TGCTAGA' matches 2
1252 pattern 'TCGATCAGT' matches 2
1253 pattern 'CATGAC' matches 2
1254 pattern 'ACGTGA' matches 1
1255 pattern 'CTAGCGTAC' matches 1
1256 pattern 'TGTCAG' matches 1
1257 pattern 'CGATCGT' matches 3
1258 pattern 'AGGCATGCTA' matches 2
1259 pattern 'GTCATCGA' matches 1
1260 pattern 'ATCAG' matches 4
1261 pattern 'ACGATCGT' matches 1
1262 pattern 'ACAGT' matches 1
1263 pattern 'CATGG' matches 1
1264 pattern 'GATC' matches 11
1265 pattern 'TACGCAG' matches 1
1266 pattern 'CAGGCA' matches 1
1267 pattern 'GGCTAGCAT' matches 1
1268 pattern 'AGGCATG' matches 2
1269 pattern 'ACGTGACTG' matches 1
1270 pattern 'ACTGCAT' matches 2
1271 pattern 'GATCAGG' matches 1
1272 pattern 'TACGATCGAC' matches 1
1273 pattern 'GCTAGTCA' matches 5
1274 pattern 'GTACTAGC' matches 1
1275 pattern 'CATGCGATCG' matches 2
1276 pattern 'GCGATCGTAC' matches 2
1277 pattern 'CGATC' matches 8
1278 pattern 'GTCATCGATC' matches 1
1279 pattern 'GTGCATGA' matches 2
1280 pattern 'AGCTACG' matches 3
1281 pattern 'CAGTACTAGC' matches 1
1282 pattern 'GCTAGCATGT' matches 1
1283 pattern 'ATGCAT' matches 4
1284 pattern 'CGATCAG' matches 4
1285 pattern 'TAGC' matches 7
1286 pattern 'CATCGGA' matches 1
1287 pattern 'TGCTAGT' matches 1
1288 pattern 'GTGACTGCAT' matches 1
1289 pattern 'GTAGC' matches 1
1290 pattern 'TAGTCATG' matches 4
1291 pattern 'GACGTACT' matches 1
1292 pattern 'CAGTACTAG' matches 1
1293 pattern 'CGATACGTAG' matches 1
1294 pattern 'TACGA' matches 2
1295 pattern 'ATGGCT' matches 1
1296 pattern 'TCGT' matches 6
1297 pattern 'TAGGCA' matches 1
1298 pattern 'ATCAGTGC' matches 2
1299 pattern 'GTCAGTACT' matches 1
1300 pattern 'GATCG' matches 7
1301 pattern 'AGACGTAC' matches 1
1302 pattern 'TGAACG' matches 1
1303 pattern 'CGACTACG' matches 1
1304 pattern 'AGTCATG' matches 8
1305 pattern 'TCGTACTG' matches 2
1306 pattern 'TGAC' matches 7
1307 pattern 'CTACGTACT' matches 1
1308 pattern 'CTAGC' matches 6
1309 pattern 'GACTAGCG' matches 1
1310 pattern 'TACGATCA' matches 1
1311 pattern 'ATGCGATCGT' matches 2
1312 pattern 'CGATCAGTGC' matches 2
1313 pattern 'GTAGCTGA' matches 1
1314 pattern 'TCGTACGT' matches 2
1315 pattern 'CTGA' matches 12
1316 pattern 'TGAGCT' matches 4
1317 pattern 'CTAGTCA' matches 5
1318 pattern 'ATGC' matches 10
1319 pattern 'GTACTGAC' matches 2
1320 pattern 'ACTGACT' matches 2
1321 pattern 'ATGCTA' matches 4
1322 pattern 'TCATCGATC' matches 1
1323 pattern 'CACGATCGT' matches 1
1324 pattern 'CGTACAGT' matches 1
1325 pattern 'AGTCATGCTA' matches 1
1326 pattern 'TAG' matches 16
1327 pattern 'ACTAGGCA' matches 1
1328 pattern 'AGGCATGCT' matches 2
1329 pattern 'TAGACG' matches 1
1330 pattern 'AGTACTA' matches 1
1331 pattern 'GTACTAG' matches 1
1332 pattern 'CGTCACGAT' matches 1
1333 pattern 'GCATCGTCA' matches 1
1334 pattern 'AGCTGAC' matches 1
1335 pattern 'TCAGTCATG' matches 1
1336 pattern 'GCA' matches 14
1337 pattern 'ATGCGA' matches 2
1338 pattern 'GACTAGC' matches 3
1339 pattern 'CTAGCTAC' matches 3
1340 pattern 'CTGCATCGA' matches 2
1341 pattern 'GTCATGGCTA' matches 1
1342 pattern 'CATGTCAGTA' matches 1
1343 pattern 'CTGACTA' matches 3
1344 pattern 'AGACGTACTG' matches 1
1345 pattern 'CTAGCTG' matches 1
1346 pattern 'CGTACTGA' matches 6
1347 pattern 'GCGATCGT' matches 2
1348 pattern 'GATCAGT' matches 3
1349 pattern 'CTGACTAGAC' matches 1
1350 pattern 'CATCGGACTG' matches 1
1351 pattern 'GTCAC' matches 1
1352 pattern 'ATCGTACA' matches 1
1353 pattern 'GTGCATGAC' matches 2
1354 pattern 'CATGACTAGC' matches 2
1355 pattern 'GTGAC' matches 1
1356 pattern 'CAGTCGAT' matches 1
1357 pattern 'ATCGTA' matches 5
1358 pattern 'CTAGGCA' matches 1
1359 pattern 'TAGAC' matches 3
1360 pattern 'CATCGTCA' matches 1
1361 pattern 'AGTCATGCAT' matches 4
1362 pattern 'ATGCATC' matches 4
1363 pattern 'TACGCAGT' matches 1
1364 pattern 'GCATCGA' matches 2
1365 pattern 'CACGATCG' matches 1
1366 pattern 'AGCTGACTG' matches 1
1367 pattern 'ATCGCAGT' matches 1
1368 pattern 'GACTG' matches 5
1369 pattern 'TCGATCAGTG' matches 2
1370 pattern 'GCTACGCA' matches 1
1371 pattern 'TCAGTA' matches 2
1372 pattern 'ACAGTCA' matches 1
1373 pattern 'CGCT' matches 1
1374 pattern 'CTAGTCATGC' matches 4
1375 pattern 'AGGCAT' matches 2
1376 pattern 'CAGTGCATGA' matches 2
1377 pattern 'ACTGACTAGA' matches 1
1378 pattern 'TCAGTCG' matches 1
1379 pattern 'CAGTACGATC' matches 1
1380 pattern 'TACGCAGTC' matches 1
1381 pattern 'AGCTGAACG' matches 1
1382 pattern 'ATAC' matches 1
1383 pattern 'ATGCATCG' matches 4
1384 pattern 'ATCGCAGTC' matches 1
1385 pattern 'ATCA' matches 4
1386 pattern 'GACTAGCT' matches 2
1387 pattern 'TACGTAGCTG' matches 1
1388 pattern 'CGATCGAC' matches 1
1389 pattern 'ATGCA' matches 4
1390 pattern 'ATCGGACTG' matches 1
1391 pattern 'TACGTACT' matches 1
1392 pattern 'TAGTC' matches 5
1393 pattern 'GCATGCTA' matches 3
1394 pattern 'GGAC' matches 1
1395 pattern 'ATCGATCAGG' matches 1
1396 pattern 'ATGGCTA' matches 1
1397 pattern 'CTAGGCAT' matches 1
1398 pattern 'TGATCGTA' matches 2
1399 pattern 'GACTAGACGT' matches 1
1400 pattern 'TACAG' matches 1
1401 pattern 'AGCTGAA' matches 1
1402 pattern 'ACGCTGA' matches 1
1403 pattern 'GCGTACG' matches 1
